Wed Mar 07 15:03:43 CET 2018 : Apache Derby Network Server - 10.11.1.2 - (1629631) démarré et prêt à accepter les connexions sur le port 1527
----------------------------------------------------------------
Wed Mar 07 15:08:54 CET 2018:
Amorçage de Derby version The Apache Software Foundation - Apache Derby - 10.11.1.2 - (1629631) : instance a816c00e-0162-00c6-5b3b-ffffe88b8979 
dans le répertoire de base de données C:\temp\B3405\BD\toRename avec le chargeur de classe sun.misc.Launcher$AppClassLoader@1d44bcfa
Chargé de file:/C:/Program%20Files/Java/jdk1.8.0_101/db/lib/derby.jar
java.vendor=Oracle Corporation
java.runtime.version=1.8.0_101-b13
user.dir=C:\Program Files\Java\jdk1.8.0_101\db
os.name=Windows 7
os.arch=amd64
os.version=6.1
derby.system.home=C:\temp\B3405\BD
Chargeur de classe de la base de données démarré - derby.database.classpath = ''
----------------------------------------------------------------
Wed Mar 07 15:09:02 CET 2018:
Fermeture de l'instance a816c00e-0162-00c6-5b3b-ffffe88b8979 sur le répertoire de base de données C:\temp\B3405\BD\toRename avec le chargeur de classe sun.misc.Launcher$AppClassLoader@1d44bcfa 
Wed Mar 07 15:09:02 CET 2018 Thread[DRDAConnThread_2,5,main] (DATABASE = toRename), (DRDAID = {2}), Arrêt de la base de données 'toRename'.
----------------------------------------------------------------
Wed Mar 07 15:09:08 CET 2018:
Amorçage de Derby version The Apache Software Foundation - Apache Derby - 10.11.1.2 - (1629631) : instance a65c80ac-0162-00c6-5b3b-ffffe88b8979 
dans le répertoire de base de données C:\temp\B3405\BD\toRename avec le chargeur de classe sun.misc.Launcher$AppClassLoader@1d44bcfa
Chargé de file:/C:/Program%20Files/Java/jdk1.8.0_101/db/lib/derby.jar
java.vendor=Oracle Corporation
java.runtime.version=1.8.0_101-b13
user.dir=C:\Program Files\Java\jdk1.8.0_101\db
os.name=Windows 7
os.arch=amd64
os.version=6.1
derby.system.home=C:\temp\B3405\BD
Chargeur de classe de la base de données démarré - derby.database.classpath = ''
----------------------------------------------------------------
Wed Mar 07 15:13:42 CET 2018:
Fermeture de l'instance a65c80ac-0162-00c6-5b3b-ffffe88b8979 sur le répertoire de base de données C:\temp\B3405\BD\toRename avec le chargeur de classe sun.misc.Launcher$AppClassLoader@1d44bcfa 
Wed Mar 07 15:13:42 CET 2018 Thread[DRDAConnThread_3,5,main] (DATABASE = toRename), (DRDAID = {4}), Arrêt de la base de données 'toRename'.
----------------------------------------------------------------
Wed Mar 07 15:14:06 CET 2018:
Amorçage de Derby version The Apache Software Foundation - Apache Derby - 10.11.1.2 - (1629631) : instance 6dd780d4-0162-00c6-5b3b-ffffe88b8979 
dans le répertoire de base de données C:\temp\B3405\BD\PositIF avec le chargeur de classe sun.misc.Launcher$AppClassLoader@1d44bcfa
Chargé de file:/C:/Program%20Files/Java/jdk1.8.0_101/db/lib/derby.jar
java.vendor=Oracle Corporation
java.runtime.version=1.8.0_101-b13
user.dir=C:\Program Files\Java\jdk1.8.0_101\db
os.name=Windows 7
os.arch=amd64
os.version=6.1
derby.system.home=C:\temp\B3405\BD
Chargeur de classe de la base de données démarré - derby.database.classpath = ''
----------------------------------------------------------------
Wed Mar 07 15:14:09 CET 2018:
Fermeture de l'instance 6dd780d4-0162-00c6-5b3b-ffffe88b8979 sur le répertoire de base de données C:\temp\B3405\BD\PositIF avec le chargeur de classe sun.misc.Launcher$AppClassLoader@1d44bcfa 
Wed Mar 07 15:14:09 CET 2018 Thread[DRDAConnThread_3,5,main] (DATABASE = PositIF), (DRDAID = {6}), Arrêt de la base de données 'PositIF'.
